[2025-11-03 14:53:27] INFO: Creating backup of ./test_data → ./backups/backup-2025-11-03-1453.tar.gz ...
[2025-11-03 14:53:28] SUCCESS: Backup created: ./backups/backup-2025-11-03-1453.tar.gz
./backups/backup-2025-11-03-1453.tar.gz: OK
[2025-11-03 14:53:28] INFO: Checksum verified successfully for ./backups/backup-2025-11-03-1453.tar.gz
[2025-11-03 14:53:28] INFO: Cleaning up old backups...
[2025-11-03 14:54:02] INFO: Creating backup of ./test_data → ./backups/backup-2025-11-03-1454.tar.gz ...
[2025-11-03 14:54:03] SUCCESS: Backup created: ./backups/backup-2025-11-03-1454.tar.gz
./backups/backup-2025-11-03-1454.tar.gz: OK
[2025-11-03 14:54:03] INFO: Checksum verified successfully for ./backups/backup-2025-11-03-1454.tar.gz
[2025-11-03 14:54:03] INFO: Cleaning up old backups...
[2025-11-03 14:55:10] INFO: Creating backup of ./test_data → ./backups/backup-2025-11-03-1455.tar.gz ...
[2025-11-03 14:55:10] SUCCESS: Backup created: ./backups/backup-2025-11-03-1455.tar.gz
./backups/backup-2025-11-03-1455.tar.gz: OK
[2025-11-03 14:55:11] INFO: Checksum verified successfully for ./backups/backup-2025-11-03-1455.tar.gz
[2025-11-03 14:55:11] INFO: Cleaning up old backups...
[2025-11-03 14:57:57] INFO: Creating backup of ./test_data → ./backups/backup-2025-11-03-1457.tar.gz ...
[2025-11-03 14:57:58] SUCCESS: Backup created: ./backups/backup-2025-11-03-1457.tar.gz
./backups/backup-2025-11-03-1457.tar.gz: OK
[2025-11-03 14:57:58] INFO: Checksum verified successfully for ./backups/backup-2025-11-03-1457.tar.gz
[2025-11-03 14:57:58] INFO: Cleaning up old backups...
[2025-11-03 14:57:58] SUCCESS: Backup process completed.
[2025-11-03 15:01:46] INFO: Creating backup of ./test_data → ./backups/backup-2025-11-03-1501.tar.gz ...
[2025-11-03 15:01:46] SUCCESS: Backup created: ./backups/backup-2025-11-03-1501.tar.gz
./backups/backup-2025-11-03-1501.tar.gz: OK
[2025-11-03 15:01:46] INFO: Checksum verified successfully for ./backups/backup-2025-11-03-1501.tar.gz
[2025-11-03 15:01:46] INFO: Cleaning up old backups...
[2025-11-03 15:01:47] SUCCESS: Backup process completed.
[2025-11-03 15:21:59] INFO: Creating backup of test_data → ./backups/backup-2025-11-03-1521.tar.gz ...
[2025-11-03 15:21:59] SUCCESS: Backup created: ./backups/backup-2025-11-03-1521.tar.gz
./backups/backup-2025-11-03-1521.tar.gz: OK
[2025-11-03 15:21:59] INFO: Checksum verified successfully for ./backups/backup-2025-11-03-1521.tar.gz
[2025-11-03 15:21:59] INFO: Cleaning up old backups...
[2025-11-03 15:21:59] SUCCESS: Backup process completed.
